# JRE version: OpenJDK Runtime Environment Corretto-21.0.3.9.1 (21.0.3+9) (build 21.0.3+9-LTS)
# Java VM: OpenJDK 64-Bit Server VM Corretto-21.0.3.9.1 (21.0.3+9-LTS, mixed mode, sharing, tiered, compressed oops, compressed class ptrs, g1 gc, windows-amd64)
GC Precious Log:
 CardTable entry size: 512
 Card Set container configuration: InlinePtr #cards 5 size 8 Array Of Cards #cards 12 size 40 Howl #buckets 4 coarsen threshold 1843 Howl Bitmap #cards 512 size 80 coarsen threshold 460 Card regions per heap region 1 cards per card region 2048
 CPUs: 4 total, 4 available
 Memory: 8014M
 Large Page Support: Disabled
 NUMA Support: Disabled
 Compressed Oops: Enabled (32-bit)
 Heap Region Size: 1M
 Heap Min Capacity: 8M
 Heap Initial Capacity: 126M
 Heap Max Capacity: 2004M
 Pre-touch: Disabled
 Parallel Workers: 4
 Concurrent Workers: 1
 Concurrent Refinement Workers: 4
 Periodic GC: Disabled
Heap:
 garbage-first heap   total 61440K, used 39925K [0x0000000082c00000, 0x0000000100000000)
  region size 1024K, 7 young (7168K), 1 survivors (1024K)
 Metaspace       used 74533K, committed 75264K, reserved 1114112K
  class space    used 10165K, committed 10496K, reserved 1048576K
GC Heap History (20 events):
Event: 14.475 GC heap before
{Heap before GC invocations=13 (full 0):
 garbage-first heap   total 48128K, used 40480K [0x0000000082c00000, 0x0000000100000000)
  region size 1024K, 20 young (20480K), 3 survivors (3072K)
 Metaspace       used 57616K, committed 58176K, reserved 1114112K
  class space    used 7795K, committed 8064K, reserved 1048576K
}
Event: 14.483 GC heap after
{Heap after GC invocations=14 (full 0):
 garbage-first heap   total 48128K, used 24970K [0x0000000082c00000, 0x0000000100000000)
  region size 1024K, 3 young (3072K), 3 survivors (3072K)
 Metaspace       used 57616K, committed 58176K, reserved 1114112K
  class space    used 7795K, committed 8064K, reserved 1048576K
}
Event: 15.052 GC heap before
{Heap before GC invocations=14 (full 0):
 garbage-first heap   total 48128K, used 34186K [0x0000000082c00000, 0x0000000100000000)
  region size 1024K, 14 young (14336K), 3 survivors (3072K)
 Metaspace       used 59803K, committed 60416K, reserved 1114112K
  class space    used 8176K, committed 8448K, reserved 1048576K
}
Event: 15.064 GC heap after
{Heap after GC invocations=15 (full 0):
 garbage-first heap   total 48128K, used 26104K [0x0000000082c00000, 0x0000000100000000)
  region size 1024K, 2 young (2048K), 2 survivors (2048K)
 Metaspace       used 59803K, committed 60416K, reserved 1114112K
  class space    used 8176K, committed 8448K, reserved 1048576K
}
Event: 15.649 GC heap before
{Heap before GC invocations=16 (full 0):
 garbage-first heap   total 48128K, used 40440K [0x0000000082c00000, 0x0000000100000000)
  region size 1024K, 17 young (17408K), 2 survivors (2048K)
 Metaspace       used 61064K, committed 61632K, reserved 1114112K
  class space    used 8527K, committed 8768K, reserved 1048576K
}
Event: 15.654 GC heap after
{Heap after GC invocations=17 (full 0):
 garbage-first heap   total 48128K, used 27395K [0x0000000082c00000, 0x0000000100000000)
  region size 1024K, 3 young (3072K), 3 survivors (3072K)
 Metaspace       used 61064K, committed 61632K, reserved 1114112K
  class space    used 8527K, committed 8768K, reserved 1048576K
}
Event: 16.021 GC heap before
{Heap before GC invocations=17 (full 0):
 garbage-first heap   total 48128K, used 39683K [0x0000000082c00000, 0x0000000100000000)
  region size 1024K, 16 young (16384K), 3 survivors (3072K)
 Metaspace       used 62554K, committed 63168K, reserved 1114112K
  class space    used 8719K, committed 8960K, reserved 1048576K
}
Event: 16.029 GC heap after
{Heap after GC invocations=18 (full 0):
 garbage-first heap   total 48128K, used 27375K [0x0000000082c00000, 0x0000000100000000)
  region size 1024K, 1 young (1024K), 1 survivors (1024K)
 Metaspace       used 62554K, committed 63168K, reserved 1114112K
  class space    used 8719K, committed 8960K, reserved 1048576K
}
Event: 16.885 GC heap before
{Heap before GC invocations=18 (full 0):
 garbage-first heap   total 48128K, used 42735K [0x0000000082c00000, 0x0000000100000000)
  region size 1024K, 16 young (16384K), 1 survivors (1024K)
 Metaspace       used 64769K, committed 65472K, reserved 1114112K
  class space    used 9034K, committed 9344K, reserved 1048576K
}
Event: 16.890 GC heap after
{Heap after GC invocations=19 (full 0):
 garbage-first heap   total 48128K, used 28933K [0x0000000082c00000, 0x0000000100000000)
  region size 1024K, 2 young (2048K), 2 survivors (2048K)
 Metaspace       used 64769K, committed 65472K, reserved 1114112K
  class space    used 9034K, committed 9344K, reserved 1048576K
}
Event: 17.772 GC heap before
{Heap before GC invocations=20 (full 0):
 garbage-first heap   total 51200K, used 42245K [0x0000000082c00000, 0x0000000100000000)
  region size 1024K, 15 young (15360K), 2 survivors (2048K)
 Metaspace       used 66425K, committed 67072K, reserved 1114112K
  class space    used 9296K, committed 9600K, reserved 1048576K
}
Event: 17.780 GC heap after
{Heap after GC invocations=21 (full 0):
 garbage-first heap   total 51200K, used 30712K [0x0000000082c00000, 0x0000000100000000)
  region size 1024K, 2 young (2048K), 2 survivors (2048K)
 Metaspace       used 66425K, committed 67072K, reserved 1114112K
  class space    used 9296K, committed 9600K, reserved 1048576K
}
Event: 42.585 GC heap before
{Heap before GC invocations=21 (full 0):
 garbage-first heap   total 51200K, used 45048K [0x0000000082c00000, 0x0000000100000000)
  region size 1024K, 16 young (16384K), 2 survivors (2048K)
 Metaspace       used 69910K, committed 70592K, reserved 1114112K
  class space    used 9762K, committed 10048K, reserved 1048576K
}
Event: 42.599 GC heap after
{Heap after GC invocations=22 (full 0):
 garbage-first heap   total 51200K, used 31959K [0x0000000082c00000, 0x0000000100000000)
  region size 1024K, 2 young (2048K), 2 survivors (2048K)
 Metaspace       used 69910K, committed 70592K, reserved 1114112K
  class space    used 9762K, committed 10048K, reserved 1048576K
}
Event: 48.166 GC heap before
{Heap before GC invocations=22 (full 0):
 garbage-first heap   total 51200K, used 44247K [0x0000000082c00000, 0x0000000100000000)
  region size 1024K, 15 young (15360K), 2 survivors (2048K)
 Metaspace       used 72484K, committed 73216K, reserved 1114112K
  class space    used 10063K, committed 10368K, reserved 1048576K
}
Event: 48.173 GC heap after
{Heap after GC invocations=23 (full 0):
 garbage-first heap   total 51200K, used 35092K [0x0000000082c00000, 0x0000000100000000)
  region size 1024K, 2 young (2048K), 2 survivors (2048K)
 Metaspace       used 72484K, committed 73216K, reserved 1114112K
  class space    used 10063K, committed 10368K, reserved 1048576K
}
Event: 384.262 GC heap before
{Heap before GC invocations=24 (full 0):
 garbage-first heap   total 61440K, used 44308K [0x0000000082c00000, 0x0000000100000000)
  region size 1024K, 12 young (12288K), 2 survivors (2048K)
 Metaspace       used 73653K, committed 74304K, reserved 1114112K
  class space    used 10153K, committed 10432K, reserved 1048576K
}
Event: 384.271 GC heap after
{Heap after GC invocations=25 (full 0):
 garbage-first heap   total 61440K, used 35837K [0x0000000082c00000, 0x0000000100000000)
  region size 1024K, 1 young (1024K), 1 survivors (1024K)
 Metaspace       used 73653K, committed 74304K, reserved 1114112K
  class space    used 10153K, committed 10432K, reserved 1048576K
}
Event: 1693.015 GC heap before
{Heap before GC invocations=25 (full 0):
 garbage-first heap   total 61440K, used 53245K [0x0000000082c00000, 0x0000000100000000)
  region size 1024K, 19 young (19456K), 1 survivors (1024K)
 Metaspace       used 74301K, committed 74944K, reserved 1114112K
  class space    used 10163K, committed 10432K, reserved 1048576K
}
Event: 1693.023 GC heap after
{Heap after GC invocations=26 (full 0):
 garbage-first heap   total 61440K, used 35829K [0x0000000082c00000, 0x0000000100000000)
  region size 1024K, 1 young (1024K), 1 survivors (1024K)
 Metaspace       used 74301K, committed 74944K, reserved 1114112K
  class space    used 10163K, committed 10432K, reserved 1048576K
}

